<?xml version="1.0" encoding="utf-8"?><testsuites name="pytest tests"><testsuite name="pytest" errors="0" failures="0" skipped="0" tests="9" time="1.934" timestamp="2026-08-17T06:40:21.255423+00:00" hostname="agent-env-f5e0201d-de2a-44b5-9d3a-888749a915da"><testcase classname="tests.test_admin_auth" name="test_login_wrong_password" time="0.408" /><testcase classname="tests.test_admin_auth" name="test_login_wrong_email" time="0.276" /><testcase classname="tests.test_admin_auth" name="test_me_without_token" time="0.055" /><testcase classname="tests.test_admin_auth" name="test_me_with_token" time="0.322" /><testcase classname="tests.test_admin_auth" name="test_me_with_invalid_token" time="0.047" /><testcase classname="tests.test_admin_auth" name="test_create_workshop_without_token" time="0.047" /><testcase classname="tests.test_admin_auth" name="test_update_workshop_without_token" time="0.049" /><testcase classname="tests.test_admin_auth" name="test_delete_workshop_without_token" time="0.047" /><testcase classname="tests.test_admin_auth" name="test_full_crud_with_token" time="0.348" /></testsuite></testsuites>