<?xml version="1.0" encoding="utf-8"?><testsuites name="pytest tests"><testsuite name="pytest" errors="0" failures="1" skipped="0" tests="10" time="7.124" timestamp="2026-08-28T03:10:58.419951+00:00" hostname="agent-env-f5e0201d-de2a-44b5-9d3a-888749a915da"><testcase classname="tests.test_admin_auth" name="test_login_wrong_password" time="0.578" /><testcase classname="tests.test_admin_auth" name="test_login_old_password_rejected" time="4.815"><failure message="assert 502 == 401&#10; +  where 502 = &lt;Response [502]&gt;.status_code">backend/tests/test_admin_auth.py:82: in test_login_old_password_rejected
    assert r.status_code == 401
E   assert 502 == 401
E    +  where 502 = &lt;Response [502]&gt;.status_code</failure></testcase><testcase classname="tests.test_admin_auth" name="test_login_wrong_email" time="0.281" /><testcase classname="tests.test_admin_auth" name="test_me_without_token" time="0.057" /><testcase classname="tests.test_admin_auth" name="test_me_with_token" time="0.338" /><testcase classname="tests.test_admin_auth" name="test_me_with_invalid_token" time="0.058" /><testcase classname="tests.test_admin_auth" name="test_create_workshop_without_token" time="0.059" /><testcase classname="tests.test_admin_auth" name="test_update_workshop_without_token" time="0.058" /><testcase classname="tests.test_admin_auth" name="test_delete_workshop_without_token" time="0.060" /><testcase classname="tests.test_admin_auth" name="test_full_crud_with_token" time="0.450" /></testsuite></testsuites>