<?xml version="1.0" encoding="utf-8"?><testsuites name="pytest tests"><testsuite name="pytest" errors="0" failures="0" skipped="0" tests="3" time="6.651" timestamp="2026-08-17T06:53:42.132103+00:00" hostname="agent-env-f5e0201d-de2a-44b5-9d3a-888749a915da"><testcase classname="tests.test_chat" name="test_chat_greeting_no_recs" time="2.221" /><testcase classname="tests.test_chat" name="test_chat_multiturn_recommends_from_db" time="2.612" /><testcase classname="tests.test_chat" name="test_chat_marker_never_in_reply" time="1.494" /></testsuite></testsuites>