<?xml version="1.0" encoding="utf-8"?><testsuites name="pytest tests"><testsuite name="pytest" errors="0" failures="0" skipped="0" tests="6" time="3.166" timestamp="2026-09-04T05:56:10.823739+00:00" hostname="agent-env-f5e0201d-de2a-44b5-9d3a-888749a915da"><testcase classname="tests.test_csv_import" name="test_import_without_token_returns_401" time="0.866" /><testcase classname="tests.test_csv_import" name="test_dry_run_preview_counts" time="0.141" /><testcase classname="tests.test_csv_import" name="test_commit_inserts_and_retrievable" time="0.599" /><testcase classname="tests.test_csv_import" name="test_dedupe_on_rerun" time="0.097" /><testcase classname="tests.test_csv_import" name="test_missing_name_counts_invalid" time="0.129" /><testcase classname="tests.test_csv_import" name="test_multi_rubro_maps_to_multiple_categories" time="1.019" /></testsuite></testsuites>