<?xml version="1.0" encoding="utf-8"?><testsuites name="pytest tests"><testsuite name="pytest" errors="0" failures="0" skipped="0" tests="11" time="3.061" timestamp="2026-08-28T03:28:01.565095+00:00" hostname="agent-env-f5e0201d-de2a-44b5-9d3a-888749a915da"><testcase classname="tests.test_multi_category" name="test_categories_counts_returns_dict" time="0.314" /><testcase classname="tests.test_multi_category" name="test_lavado_has_57_carwash" time="0.391" /><testcase classname="tests.test_multi_category" name="test_multi_ws_persisted" time="0.504" /><testcase classname="tests.test_multi_category" name="test_multi_ws_appears_in_each_category[mecanica-general]" time="0.107" /><testcase classname="tests.test_multi_category" name="test_multi_ws_appears_in_each_category[lavado]" time="0.127" /><testcase classname="tests.test_multi_category" name="test_multi_ws_appears_in_each_category[lubricacion]" time="0.107" /><testcase classname="tests.test_multi_category" name="test_multi_ws_not_in_frenos" time="0.120" /><testcase classname="tests.test_multi_category" name="test_search_combined_with_category" time="0.103" /><testcase classname="tests.test_multi_category" name="test_update_categories_reflects_in_filters" time="0.606" /><testcase classname="tests.test_multi_category" name="test_seeded_workshops_have_categories_array" time="0.141" /><testcase classname="tests.test_multi_category" name="test_seeded_mecanica_still_queryable" time="0.215" /></testsuite></testsuites>