<?xml version="1.0" encoding="utf-8"?><testsuites name="pytest tests"><testsuite name="pytest" errors="0" failures="0" skipped="0" tests="27" time="9.020" timestamp="2026-08-28T03:11:49.876443+00:00" hostname="agent-env-f5e0201d-de2a-44b5-9d3a-888749a915da"><testcase classname="tests.backend_test" name="test_categories_returns_9" time="0.157" /><testcase classname="tests.test_admin_auth" name="test_login_wrong_password" time="0.418" /><testcase classname="tests.backend_test" name="test_workshops_returns_seeded" time="0.262" /><testcase classname="tests.test_admin_auth" name="test_login_old_password_rejected" time="0.279" /><testcase classname="tests.backend_test" name="test_workshops_featured" time="0.272" /><testcase classname="tests.backend_test" name="test_workshops_filter_category" time="0.275" /><testcase classname="tests.test_admin_auth" name="test_login_wrong_email" time="0.272" /><testcase classname="tests.backend_test" name="test_workshops_search_andes" time="0.056" /><testcase classname="tests.test_admin_auth" name="test_me_without_token" time="0.048" /><testcase classname="tests.backend_test" name="test_workshop_detail_by_id" time="0.329" /><testcase classname="tests.test_admin_auth" name="test_me_with_token" time="0.330" /><testcase classname="tests.test_admin_auth" name="test_me_with_invalid_token" time="0.049" /><testcase classname="tests.backend_test" name="test_workshop_detail_404" time="0.055" /><testcase classname="tests.test_admin_auth" name="test_create_workshop_without_token" time="0.053" /><testcase classname="tests.backend_test" name="test_comunas_endpoint" time="0.055" /><testcase classname="tests.test_admin_auth" name="test_update_workshop_without_token" time="0.052" /><testcase classname="tests.test_admin_auth" name="test_delete_workshop_without_token" time="0.049" /><testcase classname="tests.test_admin_auth" name="test_full_crud_with_token" time="0.630" /><testcase classname="tests.test_admin_rating" name="test_create_workshop_persists_rating_and_reviews" time="0.674" /><testcase classname="tests.test_admin_rating" name="test_update_workshop_updates_rating_and_reviews" time="1.730" /><testcase classname="tests.test_chat" name="test_chat_greeting_no_recs" time="2.436" /><testcase classname="tests.test_admin_rating" name="test_create_workshop_defaults_when_rating_omitted" time="0.154" /><testcase classname="tests.test_admin_rating" name="test_put_requires_auth" time="0.101" /><testcase classname="tests.test_admin_rating" name="test_search_by_name" time="0.310" /><testcase classname="tests.test_admin_rating" name="test_zzz_cleanup" time="0.810" /><testcase classname="tests.test_chat" name="test_chat_multiturn_recommends_from_db" time="2.583" /><testcase classname="tests.test_chat" name="test_chat_marker_never_in_reply" time="1.486" /></testsuite></testsuites>