<?xml version="1.0" encoding="utf-8"?><testsuites name="pytest tests"><testsuite name="pytest" errors="0" failures="0" skipped="0" tests="8" time="0.881" timestamp="2026-08-17T06:22:03.337375+00:00" hostname="agent-env-f5e0201d-de2a-44b5-9d3a-888749a915da"><testcase classname="tests.backend_test" name="test_categories_returns_9" time="0.206" /><testcase classname="tests.backend_test" name="test_workshops_returns_seeded" time="0.044" /><testcase classname="tests.backend_test" name="test_workshops_featured" time="0.046" /><testcase classname="tests.backend_test" name="test_workshops_filter_category" time="0.048" /><testcase classname="tests.backend_test" name="test_workshops_search_andes" time="0.043" /><testcase classname="tests.backend_test" name="test_workshop_detail_by_id" time="0.087" /><testcase classname="tests.backend_test" name="test_workshop_detail_404" time="0.042" /><testcase classname="tests.backend_test" name="test_comunas_endpoint" time="0.050" /></testsuite></testsuites>