<?xml version="1.0" encoding="utf-8"?><testsuites name="pytest tests"><testsuite name="pytest" errors="0" failures="0" skipped="0" tests="9" time="1.694" timestamp="2026-09-04T05:30:09.785728+00:00" hostname="agent-env-f5e0201d-de2a-44b5-9d3a-888749a915da"><testcase classname="tests.test_workshops_limit.TestWorkshopsLimit" name="test_default_returns_more_than_100" time="0.322" /><testcase classname="tests.test_workshops_limit.TestRegressions" name="test_featured_still_works" time="0.262" /><testcase classname="tests.test_workshops_limit.TestRegressions" name="test_comunas_still_works" time="0.194" /><testcase classname="tests.test_workshops_limit.TestWorkshopsLimit" name="test_limit_5000_returns_all" time="0.213" /><testcase classname="tests.test_workshops_limit.TestRegressions" name="test_search_within_full_set" time="0.099" /><testcase classname="tests.test_workshops_limit.TestWorkshopsLimit" name="test_category_personalizacion_full_count" time="0.220" /><testcase classname="tests.test_workshops_limit.TestCategoryCounts" name="test_counts_endpoint" time="0.257" /><testcase classname="tests.test_workshops_limit.TestWorkshopsLimit" name="test_limit_over_max_rejected" time="0.128" /><testcase classname="tests.test_workshops_limit.TestCategoryCounts" name="test_all_category_filters_match_counts" time="0.516" /></testsuite></testsuites>